<?xml version="1.0" encoding="UTF-8"?>
<beans xmlns="http://www.springframework.org/schema/beans"
       xmlns:xsi="http://www.w3.org/2001/XMLSchema-instance"
       xmlns:tx="http://www.springframework.org/schema/tx"
       xmlns:p="http://www.springframework.org/schema/p" 
       xmlns:context="http://www.springframework.org/schema/context"
       xmlns:orcl="http://www.springframework.org/schema/data/orcl" 
       xmlns:jms="http://www.springframework.org/schema/jms"
       xsi:schemaLocation="http://www.springframework.org/schema/beans
       http://www.springframework.org/schema/beans/spring-beans-3.0.xsd
       http://www.springframework.org/schema/tx
       http://www.springframework.org/schema/tx/spring-tx-3.0.xsd
       http://www.springframework.org/schema/context
       http://www.springframework.org/schema/context/spring-context-3.0.xsd
       http://www.springframework.org/schema/data/orcl
       http://www.springframework.org/schema/data/orcl/spring-data-orcl-1.0.xsd
       http://www.springframework.org/schema/jms
       http://www.springframework.org/schema/jms/spring-jms-3.0.xsd">


    <context:property-placeholder location="classpath:spring/data-access.properties"/>
	<context:component-scan
            base-package="com.nttdata.aq"/>


    <!-- DataSource configuration for Apache Commons DBCP. -->
    <bean id="DataSource" class="org.apache.commons.dbcp.BasicDataSource" destroy-method="close"
          p:driverClassName="${jdbc.driverClassName}" p:url="${jdbc.url}"
          p:username="${jdbc.username}" p:password="${jdbc.password}"/>

	
	<bean id="transactionManager" class="org.springframework.jdbc.datasource.DataSourceTransactionManager"
              p:dataSource-ref="DataSource"/>
              
	<!--      	
	-->
    <jms:listener-container connection-factory="connectionFactory"    
    		concurrency="1"     		
            transaction-manager="transactionManager">        
        <jms:listener destination="GPE_COMMANDER_jj"             		            		
                ref="AQCommander" method="handleCommandMessage"/>
    </jms:listener-container>
    
    <orcl:aq-jms-connection-factory id="connectionFactory"
            use-local-data-source-transaction="true"
            connection-factory-type="CONNECTION"
            native-jdbc-extractor="nativeJdbcExtractor"
            data-source="DataSource"/>
    
    <!--  Options:
    	org.springframework.jdbc.support.nativejdbc.CommonsDbcpNativeJdbcExtractor    	
    	org.springframework.jdbc.support.nativejdbc.WebSphereNativeJdbcExtractor
     -->
    <bean id="nativeJdbcExtractor" class="${gpe.nativeJdbcExtractor:org.springframework.jdbc.support.nativejdbc.CommonsDbcpNativeJdbcExtractor}"/>




</beans>
